[Licensing::Module] Trying to connect to existing licensing client channel...
Built from '6000.2/respin/6000.2.6f2-cc51a95c03' branch; Version is '6000.2.6f2 (4a4dcaec6541) revision 4869578'; Using compiler version '194234433'; Build Type 'Release'
[Licensing::IpcConnector] Successfully connected to: "LicenseClient-KartavyaSingh" at "2025-11-03T23:50:12.7858745Z"
OS: 'Windows 11  (10.0.26200) 64bit Professional' Language: 'en' Physical Memory: 65277 MB
BatchMode: 1, IsHumanControllingUs: 0, StartBugReporterOnCrash: 0, Is64bit: 1
Date: 2025-11-03T23:50:12Z

COMMAND LINE ARGUMENTS:
C:\Program Files\Unity\Hub\Editor\6000.2.6f2\Editor\Unity.exe
-adb2
-batchMode
-noUpm
-name
AssetImportWorker3
-projectPath
D:/Desktop/Kartavya Personal/College/Fall 2025/Senior Design/Adaptabrawl-Senior-Design/Adaptabrawl/Adaptabrawl
-logFile
Logs/AssetImportWorker3.log
-srvPort
65530
-licensingIpc
LicenseClient-KartavyaSingh
-job-worker-count
11
-background-job-worker-count
8
-gc-helper-count
1
-name
AssetImport
Successfully changed project path to: D:/Desktop/Kartavya Personal/College/Fall 2025/Senior Design/Adaptabrawl-Senior-Design/Adaptabrawl/Adaptabrawl
D:/Desktop/Kartavya Personal/College/Fall 2025/Senior Design/Adaptabrawl-Senior-Design/Adaptabrawl/Adaptabrawl
[UnityMemory] Configuration Parameters - Can be set up in boot.config
    "memorysetup-allocator-temp-initial-block-size-main=262144"
    "memorysetup-allocator-temp-initial-block-size-worker=262144"
    "memorysetup-bucket-allocator-granularity=16"
    "memorysetup-bucket-allocator-bucket-count=8"
    "memorysetup-bucket-allocator-block-size=33554432"
    "memorysetup-bucket-allocator-block-count=8"
    "memorysetup-main-allocator-block-size=16777216"
    "memorysetup-thread-allocator-block-size=16777216"
    "memorysetup-gfx-main-allocator-block-size=16777216"
    "memorysetup-gfx-thread-allocator-block-size=16777216"
    "memorysetup-cache-allocator-block-size=4194304"
    "memorysetup-typetree-allocator-block-size=2097152"
    "memorysetup-profiler-bucket-allocator-granularity=16"
    "memorysetup-profiler-bucket-allocator-bucket-count=8"
    "memorysetup-profiler-bucket-allocator-block-size=33554432"
    "memorysetup-profiler-bucket-allocator-block-count=8"
    "memorysetup-profiler-allocator-block-size=16777216"
    "memorysetup-profiler-editor-allocator-block-size=1048576"
    "memorysetup-temp-allocator-size-main=16777216"
    "memorysetup-job-temp-allocator-block-size=2097152"
    "memorysetup-job-temp-allocator-block-size-background=1048576"
    "memorysetup-job-temp-allocator-reduction-small-platforms=262144"
    "memorysetup-temp-allocator-size-background-worker=32768"
    "memorysetup-temp-allocator-size-job-worker=262144"
    "memorysetup-temp-allocator-size-preload-manager=33554432"
    "memorysetup-temp-allocator-size-nav-mesh-worker=65536"
    "memorysetup-temp-allocator-size-audio-worker=65536"
    "memorysetup-temp-allocator-size-cloud-worker=32768"
    "memorysetup-temp-allocator-size-gi-baking-worker=262144"
    "memorysetup-temp-allocator-size-gi-baking-worker=262144"
    "memorysetup-temp-allocator-size-gi-baking-worker=262144"
    "memorysetup-temp-allocator-size-gi-baking-worker=262144"
    "memorysetup-temp-allocator-size-gi-baking-worker=262144"
    "memorysetup-temp-allocator-size-gfx=262144"
Player connection [31124]  Target information:

Player connection [31124]  * "[IP] 192.168.0.131 [Port] 0 [Flags] 2 [Guid] 486787363 [EditorId] 486787363 [Version] 1048832 [Id] WindowsEditor(7,Kartavyas-PC) [Debug] 1 [PackageName] WindowsEditor [ProjectName] Editor" 

Player connection [31124]  * "[IP] 172.31.224.1 [Port] 0 [Flags] 2 [Guid] 486787363 [EditorId] 486787363 [Version] 1048832 [Id] WindowsEditor(7,Kartavyas-PC) [Debug] 1 [PackageName] WindowsEditor [ProjectName] Editor" 

Player connection [31124]  * "[IP] 192.168.56.1 [Port] 0 [Flags] 2 [Guid] 486787363 [EditorId] 486787363 [Version] 1048832 [Id] WindowsEditor(7,Kartavyas-PC) [Debug] 1 [PackageName] WindowsEditor [ProjectName] Editor" 

Player connection [31124]  * "[IP] 192.168.32.1 [Port] 0 [Flags] 2 [Guid] 486787363 [EditorId] 486787363 [Version] 1048832 [Id] WindowsEditor(7,Kartavyas-PC) [Debug] 1 [PackageName] WindowsEditor [ProjectName] Editor" 

Player connection [31124] Host joined multi-casting on [225.0.0.222:54997]...
Player connection [31124] Host joined alternative multi-casting on [225.0.0.222:34997]...
JobSystem: Creating JobQueue using job-worker-count value 11
Input System module state changed to: Initialized.
[Physics::Module] Initialized fallback backend.
[Physics::Module] Id: 0xdecafbad
[Licensing::Client] Code 10 while verifying Licensing Client signature (process Id: 32816, path: "C:/Program Files/Unity Hub/UnityLicensingClient_V1/Unity.Licensing.Client.exe")
[Licensing::Module] LicensingClient has failed validation; ignoring
[Licensing::Client] Handshaking with LicensingClient:
  Version:                 1.17.3+a4e98f1
  Session Id:              323611d4339a4e47a2c1c78cc01428b0
  Correlation Id:          0012e8eb8f6eb81b7d5d2f7bdd04f5a1
  External correlation Id: 526676478669726490
  Machine Id:              C4bpW+nJxgX6eyXLE/gS7tbY3iA=
[Licensing::Module] Successfully connected to LicensingClient on channel: "LicenseClient-KartavyaSingh" (connect: 0.00s, validation: 0.00s, handshake: 0.03s)
[Licensing::IpcConnector] Successfully connected to: "LicenseClient-KartavyaSingh-notifications" at "2025-11-03T23:50:12.8156957Z"
[Licensing::Module] Licensing Background thread has ended after 0.03s
Library Redirect Path: Library/
[Physics::Module] Selected backend.
[Physics::Module] Name: PhysX
[Physics::Module] Id: 0xf2b8ea05
[Physics::Module] SDK Version: 4.1.2
[Physics::Module] Integration Version: 1.0.0
[Physics::Module] Threading Mode: Multi-Threaded
Refreshing native plugins compatible for Editor in 3.62 ms, found 4 plugins.
Preloading 0 native plugins for Editor in 0.00 ms.
Initialize engine version: 6000.2.6f2 (4a4dcaec6541)
[Subsystems] Discovering subsystems at path C:/Program Files/Unity/Hub/Editor/6000.2.6f2/Editor/Data/Resources/UnitySubsystems
[Subsystems] Discovering subsystems at path D:/Desktop/Kartavya Personal/College/Fall 2025/Senior Design/Adaptabrawl-Senior-Design/Adaptabrawl/Adaptabrawl/Assets
GfxDevice: creating device client; kGfxThreadingModeNonThreaded
d3d12: failed to query info queue interface (0x80004002).
Direct3D:
    Version:         Direct3D 12 [level 12.1]
    Renderer:        NVIDIA GeForce RTX 5070 Ti (ID=0x2c05)
    Vendor:          NVIDIA
    VRAM:            15907 MB
    App VRAM Budget: 15139 MB
    Driver:          32.0.15.8157
Initialize mono
Mono path[0] = 'C:/Program Files/Unity/Hub/Editor/6000.2.6f2/Editor/Data/Managed'
Mono path[1] = 'C:/Program Files/Unity/Hub/Editor/6000.2.6f2/Editor/Data/MonoBleedingEdge/lib/mono/unityjit-win32'
Mono config path = 'C:/Program Files/Unity/Hub/Editor/6000.2.6f2/Editor/Data/MonoBleedingEdge/etc'
Using monoOptions --debugger-agent=transport=dt_socket,embedding=1,server=y,suspend=n,address=127.0.0.1:56000
Begin MonoManager ReloadAssembly
Registering precompiled unity dll's ...
Register platform support module: C:/Program Files/Unity/Hub/Editor/6000.2.6f2/Editor/Data/PlaybackEngines/WindowsStandaloneSupport/UnityEditor.WindowsStandalone.Extensions.dll
Registered in 0.001617 seconds.
- Loaded All Assemblies, in  0.333 seconds
Native extension for WindowsStandalone target not found
Mono: successfully reloaded assembly
- Finished resetting the current domain, in  0.283 seconds
Domain Reload Profiling: 613ms
	BeginReloadAssembly (115ms)
		ExecutionOrderSort (0ms)
		DisableScriptedObjects (0ms)
		BackupInstance (0ms)
		ReleaseScriptingObjects (0ms)
		CreateAndSetChildDomain (1ms)
	RebuildCommonClasses (30ms)
	RebuildNativeTypeToScriptingClass (12ms)
	initialDomainReloadingComplete (44ms)
	LoadAllAssembliesAndSetupDomain (131ms)
		LoadAssemblies (111ms)
		RebuildTransferFunctionScriptingTraits (0ms)
		AnalyzeDomain (128ms)
			TypeCache.Refresh (126ms)
				TypeCache.ScanAssembly (116ms)
			BuildScriptInfoCaches (0ms)
			ResolveRequiredComponents (0ms)
	FinalizeReload (283ms)
		ReleaseScriptCaches (0ms)
		RebuildScriptCaches (0ms)
		SetupLoadedEditorAssemblies (245ms)
			LogAssemblyErrors (0ms)
			InitializePlatformSupportModulesInManaged (40ms)
			SetLoadedEditorAssemblies (3ms)
			BeforeProcessingInitializeOnLoad (51ms)
			ProcessInitializeOnLoadAttributes (107ms)
			ProcessInitializeOnLoadMethodAttributes (43ms)
			AfterProcessingInitializeOnLoad (0ms)
			EditorAssembliesLoaded (0ms)
		ExecutionOrderSort2 (0ms)
		AwakeInstancesAfterBackupRestoration (0ms)
========================================================================
Worker process is ready to serve import requests
Import Worker Mode flag is 0x00
Begin MonoManager ReloadAssembly
[Licensing::Client] Successfully resolved entitlement details
[Licensing::Module] License group:
  Id: 2474547190885-UnityPersXXXX
  Product: Unity Personal
  Type: Assigned
  Expiration: Unlimited
DirectoryNotFoundException: Could not find a part of the path "D:\Desktop\Kartavya Personal\College\Fall 2025\Senior Design\Adaptabrawl-Senior-Design\Adaptabrawl\Adaptabrawl\Library\PackageCache\com.unity.collections@d49facba0036\Unity.Collections.Tests\System.Runtime.CompilerServices.Unsafe\System.Runtime.CompilerServices.Unsafe.dll"
  at System.IO.FileStream..ctor (System.String path, System.IO.FileMode mode, System.IO.FileAccess access, System.IO.FileShare share, System.Int32 bufferSize, System.Boolean anonymous, System.IO.FileOptions options) [0x0019e] in <59bd7c40c082431db25e1e728ab62789>:0 
  at System.IO.FileStream..ctor (System.String path, System.IO.FileMode mode, System.IO.FileAccess access, System.IO.FileShare share) [0x00000] in <59bd7c40c082431db25e1e728ab62789>:0 
  at (wrapper remoting-invoke-with-check) System.IO.FileStream..ctor(string,System.IO.FileMode,System.IO.FileAccess,System.IO.FileShare)
  at Mono.Cecil.ModuleDefinition.GetFileStream (System.String fileName, System.IO.FileMode mode, System.IO.FileAccess access, System.IO.FileShare share) [0x00006] in <4e339395f8074c75847e518298d9c5fd>:0 
  at Mono.Cecil.ModuleDefinition.ReadModule (System.String fileName, Mono.Cecil.ReaderParameters parameters) [0x00008] in <4e339395f8074c75847e518298d9c5fd>:0 
  at Mono.Cecil.AssemblyDefinition.ReadAssembly (System.String fileName, Mono.Cecil.ReaderParameters parameters) [0x00000] in <4e339395f8074c75847e518298d9c5fd>:0 
  at UnityEditor.AssemblyValidation.LoadAssemblyDefinitions (System.String[] assemblyPaths, System.String[] searchPaths) [0x00048] in <8081513dc2364383b8289d30d2169b2e>:0 
  at UnityEditor.AssemblyValidation.ValidateAssemblies (System.String[] assemblyPaths, System.Boolean enableLogging) [0x00007] in <8081513dc2364383b8289d30d2169b2e>:0 

- Loaded All Assemblies, in  0.526 seconds
Refreshing native plugins compatible for Editor in 0.95 ms, found 4 plugins.
Native extension for WindowsStandalone target not found
Package Manager log level set to [2]
[Package Manager] Failed to launch server process. Reason: Unity was launched with the -noUpm command-line argument
[Package Manager] Unable to send message (not connected to server process).
[Package Manager] Cannot connect to Unity Package Manager local server
Mono: successfully reloaded assembly
- Finished resetting the current domain, in  0.540 seconds
Domain Reload Profiling: 1064ms
	BeginReloadAssembly (136ms)
		ExecutionOrderSort (0ms)
		DisableScriptedObjects (5ms)
		BackupInstance (0ms)
		ReleaseScriptingObjects (0ms)
		CreateAndSetChildDomain (21ms)
	RebuildCommonClasses (25ms)
	RebuildNativeTypeToScriptingClass (8ms)
	initialDomainReloadingComplete (31ms)
	LoadAllAssembliesAndSetupDomain (323ms)
		LoadAssemblies (196ms)
		RebuildTransferFunctionScriptingTraits (0ms)
		AnalyzeDomain (200ms)
			TypeCache.Refresh (140ms)
				TypeCache.ScanAssembly (129ms)
			BuildScriptInfoCaches (49ms)
			ResolveRequiredComponents (7ms)
	FinalizeReload (540ms)
		ReleaseScriptCaches (0ms)
		RebuildScriptCaches (0ms)
		SetupLoadedEditorAssemblies (458ms)
			LogAssemblyErrors (0ms)
			InitializePlatformSupportModulesInManaged (1ms)
			SetLoadedEditorAssemblies (4ms)
			BeforeProcessingInitializeOnLoad (97ms)
			ProcessInitializeOnLoadAttributes (307ms)
			ProcessInitializeOnLoadMethodAttributes (43ms)
			AfterProcessingInitializeOnLoad (5ms)
			EditorAssembliesLoaded (0ms)
		ExecutionOrderSort2 (0ms)
		AwakeInstancesAfterBackupRestoration (5ms)
WARNING: Shader Unsupported: 'Hidden/Universal Render Pipeline/Terrain/Lit (Base Pass)' - All subshaders removed
WARNING: Shader Did you use #pragma only_renderers and omit this platform?
WARNING: Shader If subshaders removal was intentional, you may have forgotten turning Fallback off?
WARNING: Shader Unsupported: 'Hidden/Universal Render Pipeline/Terrain/Lit (Base Pass)' - All subshaders removed
WARNING: Shader Did you use #pragma only_renderers and omit this platform?
WARNING: Shader If subshaders removal was intentional, you may have forgotten turning Fallback off?
WARNING: Shader Unsupported: 'Universal Render Pipeline/Terrain/Lit' - All subshaders removed
WARNING: Shader Did you use #pragma only_renderers and omit this platform?
WARNING: Shader If subshaders removal was intentional, you may have forgotten turning Fallback off?
WARNING: Shader Unsupported: 'Universal Render Pipeline/Terrain/Lit' - All subshaders removed
WARNING: Shader Did you use #pragma only_renderers and omit this platform?
WARNING: Shader If subshaders removal was intentional, you may have forgotten turning Fallback off?
Launched and connected shader compiler UnityShaderCompiler.exe after 0.01 seconds
Refreshing native plugins compatible for Editor in 1.22 ms, found 4 plugins.
Preloading 0 native plugins for Editor in 0.00 ms.
Unloading 61 Unused Serialized files (Serialized files now loaded: 0)
Unloading 6792 unused Assets / (9.3 MB). Loaded Objects now: 7308.
Memory consumption went from 147.7 MB to 138.4 MB.
Total: 7.935300 ms (FindLiveObjects: 0.500600 ms CreateObjectMapping: 0.532500 ms MarkObjects: 3.650800 ms  DeleteObjects: 3.250400 ms)

========================================================================
Received Import Request.
  Time since last request: 102298.407484 seconds.
  path: Assets/SyntyStudios/PolygonPrototype/Prefabs/Buildings/Simple/SM_Buildings_RoofAngledCornerOuter_5x5_01.prefab
  artifactKey: Guid(bfa953a0b1b7caf43b71ec4fda50534d) Importer(2089858483,192608db42251d675da83286b1cce702)
Start importing Assets/SyntyStudios/PolygonPrototype/Prefabs/Buildings/Simple/SM_Buildings_RoofAngledCornerOuter_5x5_01.prefab using Guid(bfa953a0b1b7caf43b71ec4fda50534d) Importer(2089858483,192608db42251d675da83286b1cce702) (ScriptedImporter) -> (artifact id: 'd43bc65a47c96cbe0e704e2aeb447fba') in 0.1875666 seconds
Number of updated asset objects reloaded before import = 0Number of asset objects unloaded after import = 9

========================================================================
Received Import Request.
  Time since last request: 0.000014 seconds.
  path: Assets/SyntyStudios/PolygonCity/Models/SM_Prop_Billboard_Sign_06.fbx
  artifactKey: Guid(0dbccc3738da3a543a017b523898229c) Importer(2089858483,192608db42251d675da83286b1cce702)
Start importing Assets/SyntyStudios/PolygonCity/Models/SM_Prop_Billboard_Sign_06.fbx using Guid(0dbccc3738da3a543a017b523898229c) Importer(2089858483,192608db42251d675da83286b1cce702) (ScriptedImporter) -> (artifact id: '47d47fbee66072780c6c4d10f7c6504a') in 0.0325356 seconds
Number of updated asset objects reloaded before import = 0Number of asset objects unloaded after import = 7

========================================================================
Received Import Request.
  Time since last request: 0.000016 seconds.
  path: Assets/Scripts/Movement
  artifactKey: Guid(e287589ca4d84784ea1d8bfd312a4465) Importer(2089858483,192608db42251d675da83286b1cce702)
Start importing Assets/Scripts/Movement using Guid(e287589ca4d84784ea1d8bfd312a4465) Importer(2089858483,192608db42251d675da83286b1cce702) (ScriptedImporter) -> (artifact id: 'a8edec5c3b5db7c81819e37acb472a81') in 0.0121575 seconds
Number of updated asset objects reloaded before import = 0Number of asset objects unloaded after import = 1

========================================================================
Received Import Request.
  Time since last request: 0.000038 seconds.
  path: Assets/SyntyStudios/PolygonKnights/Models/SM_Bld_House_RoomTop_06.fbx
  artifactKey: Guid(d8a367c5d51f2e54d91c9acb6f116a8e) Importer(2089858483,192608db42251d675da83286b1cce702)
Start importing Assets/SyntyStudios/PolygonKnights/Models/SM_Bld_House_RoomTop_06.fbx using Guid(d8a367c5d51f2e54d91c9acb6f116a8e) Importer(2089858483,192608db42251d675da83286b1cce702) (ScriptedImporter) -> (artifact id: 'a1ea718fe31863bb1fb65c4c0634e869') in 0.0184024 seconds
Number of updated asset objects reloaded before import = 0Number of asset objects unloaded after import = 7

========================================================================
Received Import Request.
  Time since last request: 0.000037 seconds.
  path: Assets/SyntyStudios/PolygonPrototype/Prefabs/Character_Pawns/SM_Pawn_Idle_Male_01.prefab
  artifactKey: Guid(de896aef9da32424e969d39f6d5169e1) Importer(2089858483,192608db42251d675da83286b1cce702)
Start importing Assets/SyntyStudios/PolygonPrototype/Prefabs/Character_Pawns/SM_Pawn_Idle_Male_01.prefab using Guid(de896aef9da32424e969d39f6d5169e1) Importer(2089858483,192608db42251d675da83286b1cce702) (ScriptedImporter) -> (artifact id: 'f6f56d6493e4b1a40a7a6ad61da501d4') in 0.0153478 seconds
Number of updated asset objects reloaded before import = 0Number of asset objects unloaded after import = 8

========================================================================
Received Import Request.
  Time since last request: 0.000014 seconds.
  path: Assets/SyntyStudios/PolygonStarter/Prefabs/SM_Generic_Tree_04.prefab
  artifactKey: Guid(777f53d3993533d4184fa410d0cdfae7) Importer(2089858483,192608db42251d675da83286b1cce702)
Start importing Assets/SyntyStudios/PolygonStarter/Prefabs/SM_Generic_Tree_04.prefab using Guid(777f53d3993533d4184fa410d0cdfae7) Importer(2089858483,192608db42251d675da83286b1cce702) (ScriptedImporter) -> (artifact id: '209724c7da6220dd307935927997ac52') in 0.0178549 seconds
Number of updated asset objects reloaded before import = 0Number of asset objects unloaded after import = 9

========================================================================
Received Import Request.
  Time since last request: 0.000013 seconds.
  path: Assets/SyntyStudios/PolygonAdventure/Models/Collision/SM_Env_Flower_07_Convex.asset
  artifactKey: Guid(7a053fff63f07ca40abe3d549d7a20da) Importer(2089858483,192608db42251d675da83286b1cce702)
Start importing Assets/SyntyStudios/PolygonAdventure/Models/Collision/SM_Env_Flower_07_Convex.asset using Guid(7a053fff63f07ca40abe3d549d7a20da) Importer(2089858483,192608db42251d675da83286b1cce702) (ScriptedImporter) -> (artifact id: '5fda70cbc2f07293224af832a320f6e0') in 0.0132564 seconds
Number of updated asset objects reloaded before import = 0Number of asset objects unloaded after import = 1

========================================================================
Received Import Request.
  Time since last request: 0.000012 seconds.
  path: Assets/SyntyStudios/PolygonAdventure/Models/SM_Env_Tree_014.fbx
  artifactKey: Guid(d1326480e1cc0f34db80dacb4e9b5209) Importer(2089858483,192608db42251d675da83286b1cce702)
Start importing Assets/SyntyStudios/PolygonAdventure/Models/SM_Env_Tree_014.fbx using Guid(d1326480e1cc0f34db80dacb4e9b5209) Importer(2089858483,192608db42251d675da83286b1cce702) (ScriptedImporter) -> (artifact id: 'fce0330731f2554b176ded5f5a76e227') in 0.0195044 seconds
Number of updated asset objects reloaded before import = 0Number of asset objects unloaded after import = 7

========================================================================
Received Import Request.
  Time since last request: 0.000010 seconds.
  path: Assets/SyntyStudios/PolygonCity/Models/SM_Bld_Apartment_Door_01.fbx
  artifactKey: Guid(b4e92f91613439040b43108a49a4f3b3) Importer(2089858483,192608db42251d675da83286b1cce702)
Start importing Assets/SyntyStudios/PolygonCity/Models/SM_Bld_Apartment_Door_01.fbx using Guid(b4e92f91613439040b43108a49a4f3b3) Importer(2089858483,192608db42251d675da83286b1cce702) (ScriptedImporter) -> (artifact id: '0beff17fb8a23db8d496328ddbad88cf') in 0.0185179 seconds
Number of updated asset objects reloaded before import = 0Number of asset objects unloaded after import = 7

========================================================================
Received Import Request.
  Time since last request: 0.000031 seconds.
  path: Assets/SyntyStudios/PolygonPrototype/Models/SM_Icon_Arrow_Small_02.fbx
  artifactKey: Guid(ddd40872355b5494ba64bb792a26bc17) Importer(2089858483,192608db42251d675da83286b1cce702)
Start importing Assets/SyntyStudios/PolygonPrototype/Models/SM_Icon_Arrow_Small_02.fbx using Guid(ddd40872355b5494ba64bb792a26bc17) Importer(2089858483,192608db42251d675da83286b1cce702) (ScriptedImporter) -> (artifact id: 'cf5e1332f745b2960681b47ae0d0188b') in 0.0208991 seconds
Number of updated asset objects reloaded before import = 0Number of asset objects unloaded after import = 7

========================================================================
Received Import Request.
  Time since last request: 0.000012 seconds.
  path: Assets/SyntyStudios/PolygonAdventure/Models/Collision/SM_Bld_Village_07_Convex.asset
  artifactKey: Guid(c4f98dd60fed851419a178fe896ff76f) Importer(2089858483,192608db42251d675da83286b1cce702)
Start importing Assets/SyntyStudios/PolygonAdventure/Models/Collision/SM_Bld_Village_07_Convex.asset using Guid(c4f98dd60fed851419a178fe896ff76f) Importer(2089858483,192608db42251d675da83286b1cce702) (ScriptedImporter) -> (artifact id: '0e78f57084840267b7ed546e92e73399') in 0.0163407 seconds
Number of updated asset objects reloaded before import = 0Number of asset objects unloaded after import = 1

========================================================================
Received Import Request.
  Time since last request: 0.000037 seconds.
  path: Assets/SyntyStudios/PolygonCity/Prefabs/Props/SM_Prop_LargeSign_Pizza_01.prefab
  artifactKey: Guid(eba1f7ece2536204bb30cc7ab64ae8bf) Importer(2089858483,192608db42251d675da83286b1cce702)
Start importing Assets/SyntyStudios/PolygonCity/Prefabs/Props/SM_Prop_LargeSign_Pizza_01.prefab using Guid(eba1f7ece2536204bb30cc7ab64ae8bf) Importer(2089858483,192608db42251d675da83286b1cce702) (ScriptedImporter) -> (artifact id: 'b304acde2f4d141ade31ccff4061cebb') in 0.0169534 seconds
Number of updated asset objects reloaded before import = 0Number of asset objects unloaded after import = 10

========================================================================
Received Import Request.
  Time since last request: 0.000015 seconds.
  path: Assets/SyntyStudios/PolygonAdventure/Prefabs/Environments/SM_Env_Flower_03.prefab
  artifactKey: Guid(390c2bf1514a09e49a2aa0361d9e314c) Importer(2089858483,192608db42251d675da83286b1cce702)
Start importing Assets/SyntyStudios/PolygonAdventure/Prefabs/Environments/SM_Env_Flower_03.prefab using Guid(390c2bf1514a09e49a2aa0361d9e314c) Importer(2089858483,192608db42251d675da83286b1cce702) (ScriptedImporter) -> (artifact id: '79b31d5851561e7785dcbdcc05d7474e') in 0.015979 seconds
Number of updated asset objects reloaded before import = 0Number of asset objects unloaded after import = 8

========================================================================
Received Import Request.
  Time since last request: 0.000024 seconds.
  path: Assets/SyntyStudios/PolygonAdventure/Prefabs/Environments/SM_Env_TreeDead_02.prefab
  artifactKey: Guid(3a394833ed3019347885eb63e392eb08) Importer(2089858483,192608db42251d675da83286b1cce702)
Start importing Assets/SyntyStudios/PolygonAdventure/Prefabs/Environments/SM_Env_TreeDead_02.prefab using Guid(3a394833ed3019347885eb63e392eb08) Importer(2089858483,192608db42251d675da83286b1cce702) (ScriptedImporter) -> (artifact id: '3a885cd84e84f238f11c52985f00c72e') in 0.0412108 seconds
Number of updated asset objects reloaded before import = 0Number of asset objects unloaded after import = 48

========================================================================
Received Import Request.
  Time since last request: 0.000013 seconds.
  path: Assets/SyntyStudios/PolygonAdventure/Models/SM_Prop_Cart_Wheel_01.fbx
  artifactKey: Guid(612c36580a7cfd143aab9c5e63693adb) Importer(2089858483,192608db42251d675da83286b1cce702)
Start importing Assets/SyntyStudios/PolygonAdventure/Models/SM_Prop_Cart_Wheel_01.fbx using Guid(612c36580a7cfd143aab9c5e63693adb) Importer(2089858483,192608db42251d675da83286b1cce702) (ScriptedImporter) -> (artifact id: '997fd9f14c1b8a56138a5eb42931343d') in 0.0172436 seconds
Number of updated asset objects reloaded before import = 0Number of asset objects unloaded after import = 7

========================================================================
Received Import Request.
  Time since last request: 0.000015 seconds.
  path: Assets/SyntyStudios/PolygonPrototype/Prefabs/Icons/SM_Icon_Letter_P_01.prefab
  artifactKey: Guid(a435cae83297246448675e1dceae9a74) Importer(2089858483,192608db42251d675da83286b1cce702)
Start importing Assets/SyntyStudios/PolygonPrototype/Prefabs/Icons/SM_Icon_Letter_P_01.prefab using Guid(a435cae83297246448675e1dceae9a74) Importer(2089858483,192608db42251d675da83286b1cce702) (ScriptedImporter) -> (artifact id: '374cc31682bf1013f7dae72e04773337') in 0.0156999 seconds
Number of updated asset objects reloaded before import = 0Number of asset objects unloaded after import = 8

========================================================================
Received Import Request.
  Time since last request: 0.000013 seconds.
  path: Assets/SyntyStudios/PolygonPrototype/Prefabs/Buildings/Simple
  artifactKey: Guid(29aa2ad09ff312c45835ef4c114eaef6) Importer(2089858483,192608db42251d675da83286b1cce702)
Start importing Assets/SyntyStudios/PolygonPrototype/Prefabs/Buildings/Simple using Guid(29aa2ad09ff312c45835ef4c114eaef6) Importer(2089858483,192608db42251d675da83286b1cce702) (ScriptedImporter) -> (artifact id: '7625722b2f680b920bc928a71f9137e9') in 0.0117854 seconds
Number of updated asset objects reloaded before import = 0Number of asset objects unloaded after import = 1

========================================================================
Received Import Request.
  Time since last request: 0.000052 seconds.
  path: Assets/SyntyStudios/PolygonPrototype/Models/SM_Icon_Number_9_01.fbx
  artifactKey: Guid(b366147ffede3f241bbabb534a11c0fd) Importer(2089858483,192608db42251d675da83286b1cce702)
Start importing Assets/SyntyStudios/PolygonPrototype/Models/SM_Icon_Number_9_01.fbx using Guid(b366147ffede3f241bbabb534a11c0fd) Importer(2089858483,192608db42251d675da83286b1cce702) (ScriptedImporter) -> (artifact id: 'e0de91104c3f507b025332852e28c092') in 0.018451 seconds
Number of updated asset objects reloaded before import = 0Number of asset objects unloaded after import = 7

========================================================================
Received Import Request.
  Time since last request: 0.000015 seconds.
  path: Assets/SyntyStudios/PolygonKnights/Models/ConvexCollisions/SM_Bld_Castle_Tower_Round_01_Lite_Convex.asset
  artifactKey: Guid(7e61f9632da94174d9a301a4f3e8011d) Importer(2089858483,192608db42251d675da83286b1cce702)
Start importing Assets/SyntyStudios/PolygonKnights/Models/ConvexCollisions/SM_Bld_Castle_Tower_Round_01_Lite_Convex.asset using Guid(7e61f9632da94174d9a301a4f3e8011d) Importer(2089858483,192608db42251d675da83286b1cce702) (ScriptedImporter) -> (artifact id: '0d147bb784e9a200cfea6b84c6c3713b') in 0.0135802 seconds
Number of updated asset objects reloaded before import = 0Number of asset objects unloaded after import = 1

========================================================================
Received Import Request.
  Time since last request: 0.000088 seconds.
  path: Assets/TextMesh Pro/Examples & Extras/Resources
  artifactKey: Guid(022759db93976664e8120d12ee8416b7) Importer(2089858483,192608db42251d675da83286b1cce702)
Start importing Assets/TextMesh Pro/Examples & Extras/Resources using Guid(022759db93976664e8120d12ee8416b7) Importer(2089858483,192608db42251d675da83286b1cce702) (ScriptedImporter) -> (artifact id: '9f8b79d6e0ad82ce3116561ce7cd35ed') in 0.0112761 seconds
Number of updated asset objects reloaded before import = 0Number of asset objects unloaded after import = 1

========================================================================
Received Import Request.
  Time since last request: 0.000038 seconds.
  path: Assets/SyntyStudios/PolygonStarter/Materials/Plane/PolygonStarter_Mat_Plane_01.mat
  artifactKey: Guid(940d4c7d3d8f0ff4aab297e184fe9ffd) Importer(2089858483,192608db42251d675da83286b1cce702)
Start importing Assets/SyntyStudios/PolygonStarter/Materials/Plane/PolygonStarter_Mat_Plane_01.mat using Guid(940d4c7d3d8f0ff4aab297e184fe9ffd) Importer(2089858483,192608db42251d675da83286b1cce702) (ScriptedImporter) -> (artifact id: '159979750fcd3e9c8749b0f0c672a661') in 0.0283524 seconds
Number of updated asset objects reloaded before import = 0Number of asset objects unloaded after import = 2

========================================================================
Received Prepare
WARNING: Shader Unsupported: 'Hidden/Universal Render Pipeline/Terrain/Lit (Base Pass)' - All subshaders removed
WARNING: Shader Did you use #pragma only_renderers and omit this platform?
WARNING: Shader If subshaders removal was intentional, you may have forgotten turning Fallback off?
WARNING: Shader Unsupported: 'Hidden/Universal Render Pipeline/Terrain/Lit (Base Pass)' - All subshaders removed
WARNING: Shader Did you use #pragma only_renderers and omit this platform?
WARNING: Shader If subshaders removal was intentional, you may have forgotten turning Fallback off?
WARNING: Shader Unsupported: 'Universal Render Pipeline/Terrain/Lit' - All subshaders removed
WARNING: Shader Did you use #pragma only_renderers and omit this platform?
WARNING: Shader If subshaders removal was intentional, you may have forgotten turning Fallback off?
WARNING: Shader Unsupported: 'Universal Render Pipeline/Terrain/Lit' - All subshaders removed
WARNING: Shader Did you use #pragma only_renderers and omit this platform?
WARNING: Shader If subshaders removal was intentional, you may have forgotten turning Fallback off?
Refreshing native plugins compatible for Editor in 1.61 ms, found 4 plugins.
Preloading 0 native plugins for Editor in 0.00 ms.
Unloading 61 Unused Serialized files (Serialized files now loaded: 0)
Unloading 6781 unused Assets / (8.4 MB). Loaded Objects now: 7311.
Memory consumption went from 148.2 MB to 139.8 MB.
Total: 9.254300 ms (FindLiveObjects: 0.917900 ms CreateObjectMapping: 0.455500 ms MarkObjects: 4.369900 ms  DeleteObjects: 3.510000 ms)

Prepare: number of updated asset objects reloaded= 0
========================================================================
Received Import Request.
  Time since last request: 12.515537 seconds.
  path: Assets/SyntyStudios/PolygonPrototype/Prefabs/Primitives/SM_Primitive_SoccerBall_01.prefab
  artifactKey: Guid(bfb03ce7c2387de4c832cfea29400ffd) Importer(2089858483,192608db42251d675da83286b1cce702)
Start importing Assets/SyntyStudios/PolygonPrototype/Prefabs/Primitives/SM_Primitive_SoccerBall_01.prefab using Guid(bfb03ce7c2387de4c832cfea29400ffd) Importer(2089858483,192608db42251d675da83286b1cce702) (ScriptedImporter) -> (artifact id: '92202420160cc1a09369a9962343ff83') in 0.0505376 seconds
Number of updated asset objects reloaded before import = 0Number of asset objects unloaded after import = 9

========================================================================
Received Import Request.
  Time since last request: 0.000014 seconds.
  path: Assets/Kevin Iglesias/Human Animations/Unity Demo Scenes/Human Melee Animations/AnimatorControllers/Male/1H/HumanM@Run_Forward - 1H.controller
  artifactKey: Guid(289774fc460f5e1468cbd52ad3d21b2d) Importer(2089858483,192608db42251d675da83286b1cce702)
Start importing Assets/Kevin Iglesias/Human Animations/Unity Demo Scenes/Human Melee Animations/AnimatorControllers/Male/1H/HumanM@Run_Forward - 1H.controller using Guid(289774fc460f5e1468cbd52ad3d21b2d) Importer(2089858483,192608db42251d675da83286b1cce702) (ScriptedImporter) -> (artifact id: 'ebef20d821f553e1bcf5388ee58aff5c') in 0.0149838 seconds
Number of updated asset objects reloaded before import = 0Number of asset objects unloaded after import = 4

========================================================================
Received Import Request.
  Time since last request: 0.000016 seconds.
  path: Assets/SyntyStudios/PolygonAdventure/Models/Collision/SM_Env_Hill_03_Convex 5.asset
  artifactKey: Guid(f37dd12e746e99a4689519ae9e6210e7) Importer(2089858483,192608db42251d675da83286b1cce702)
Start importing Assets/SyntyStudios/PolygonAdventure/Models/Collision/SM_Env_Hill_03_Convex 5.asset using Guid(f37dd12e746e99a4689519ae9e6210e7) Importer(2089858483,192608db42251d675da83286b1cce702) (ScriptedImporter) -> (artifact id: 'a09adb3723132bf630bd9c434d233c2c') in 0.0131503 seconds
Number of updated asset objects reloaded before import = 0Number of asset objects unloaded after import = 3

========================================================================
Received Import Request.
  Time since last request: 0.000016 seconds.
  path: Assets/SyntyStudios/PolygonAdventure/Prefabs/Environments/SM_Env_Bridge_01.prefab
  artifactKey: Guid(53df91a386bb7b541a0c24d10af51a54) Importer(2089858483,192608db42251d675da83286b1cce702)
Start importing Assets/SyntyStudios/PolygonAdventure/Prefabs/Environments/SM_Env_Bridge_01.prefab using Guid(53df91a386bb7b541a0c24d10af51a54) Importer(2089858483,192608db42251d675da83286b1cce702) (ScriptedImporter) -> (artifact id: '9d882b069bbdca26d82ce4383f8f0cac') in 0.0218136 seconds
Number of updated asset objects reloaded before import = 0Number of asset objects unloaded after import = 14

========================================================================
Received Import Request.
  Time since last request: 0.000012 seconds.
  path: Assets/SyntyStudios/PolygonKnights/Prefabs/Buildings/Snow/SM_Bld_House_Chimney_04_Snow.prefab
  artifactKey: Guid(23af9ed2a846c5c448dbfb2de26c819f) Importer(2089858483,192608db42251d675da83286b1cce702)
Start importing Assets/SyntyStudios/PolygonKnights/Prefabs/Buildings/Snow/SM_Bld_House_Chimney_04_Snow.prefab using Guid(23af9ed2a846c5c448dbfb2de26c819f) Importer(2089858483,192608db42251d675da83286b1cce702) (ScriptedImporter) -> (artifact id: 'd08bda0571b216e67405fea8b247ead0') in 0.0177229 seconds
Number of updated asset objects reloaded before import = 0Number of asset objects unloaded after import = 10

========================================================================
Received Import Request.
  Time since last request: 0.000012 seconds.
  path: Assets/SyntyStudios/PolygonAdventure/Models/Collision/SM_Prop_Sack_01_Convex 2.asset
  artifactKey: Guid(1d37cfc0ad54ee449b52cf83eb229c60) Importer(2089858483,192608db42251d675da83286b1cce702)
Start importing Assets/SyntyStudios/PolygonAdventure/Models/Collision/SM_Prop_Sack_01_Convex 2.asset using Guid(1d37cfc0ad54ee449b52cf83eb229c60) Importer(2089858483,192608db42251d675da83286b1cce702) (ScriptedImporter) -> (artifact id: '4f9fb67eb9081d1a4dd6ac56d7f51f4a') in 0.0138249 seconds
Number of updated asset objects reloaded before import = 0Number of asset objects unloaded after import = 1

========================================================================
Received Import Request.
  Time since last request: 0.000012 seconds.
  path: Assets/SyntyStudios/PolygonKnights/Models/ConvexCollisions/SM_Bld_Castle_Tower_Round_Top_01_Convex.asset
  artifactKey: Guid(c8e41c767325a3349b6697beae993a28) Importer(2089858483,192608db42251d675da83286b1cce702)
Start importing Assets/SyntyStudios/PolygonKnights/Models/ConvexCollisions/SM_Bld_Castle_Tower_Round_Top_01_Convex.asset using Guid(c8e41c767325a3349b6697beae993a28) Importer(2089858483,192608db42251d675da83286b1cce702) (ScriptedImporter) -> (artifact id: '566838dfbb5a801bf4abd8abb282d6c5') in 0.0141513 seconds
Number of updated asset objects reloaded before import = 0Number of asset objects unloaded after import = 1

========================================================================
Received Import Request.
  Time since last request: 0.000031 seconds.
  path: Assets/SyntyStudios/PolygonAdventure/Models/Collision/SM_Env_Tree_04_Snow_Convex.asset
  artifactKey: Guid(706185c42c0a7ae45b2fbee51bfcd071) Importer(2089858483,192608db42251d675da83286b1cce702)
Start importing Assets/SyntyStudios/PolygonAdventure/Models/Collision/SM_Env_Tree_04_Snow_Convex.asset using Guid(706185c42c0a7ae45b2fbee51bfcd071) Importer(2089858483,192608db42251d675da83286b1cce702) (ScriptedImporter) -> (artifact id: '37c7fcdf76b7d8d74e81ecc2abc5f856') in 0.0141255 seconds
Number of updated asset objects reloaded before import = 0Number of asset objects unloaded after import = 1

========================================================================
Received Import Request.
  Time since last request: 0.000048 seconds.
  path: Assets/SyntyStudios/PolygonAdventure/Models/Collision/SM_Bld_Fence_02_Snow_Convex.asset
  artifactKey: Guid(37deafe0c1a4ff9449e0eab721d876c2) Importer(2089858483,192608db42251d675da83286b1cce702)
Start importing Assets/SyntyStudios/PolygonAdventure/Models/Collision/SM_Bld_Fence_02_Snow_Convex.asset using Guid(37deafe0c1a4ff9449e0eab721d876c2) Importer(2089858483,192608db42251d675da83286b1cce702) (ScriptedImporter) -> (artifact id: '364fe90d551bfa4913ffc191f200cfd1') in 0.0140298 seconds
Number of updated asset objects reloaded before import = 0Number of asset objects unloaded after import = 1

========================================================================
Received Prepare
Begin MonoManager ReloadAssembly
DirectoryNotFoundException: Could not find a part of the path "D:\Desktop\Kartavya Personal\College\Fall 2025\Senior Design\Adaptabrawl-Senior-Design\Adaptabrawl\Adaptabrawl\Library\PackageCache\com.unity.collections@d49facba0036\Unity.Collections.Tests\System.Runtime.CompilerServices.Unsafe\System.Runtime.CompilerServices.Unsafe.dll"
  at System.IO.FileStream..ctor (System.String path, System.IO.FileMode mode, System.IO.FileAccess access, System.IO.FileShare share, System.Int32 bufferSize, System.Boolean anonymous, System.IO.FileOptions options) [0x0019e] in <59bd7c40c082431db25e1e728ab62789>:0 
  at System.IO.FileStream..ctor (System.String path, System.IO.FileMode mode, System.IO.FileAccess access, System.IO.FileShare share) [0x00000] in <59bd7c40c082431db25e1e728ab62789>:0 
  at (wrapper remoting-invoke-with-check) System.IO.FileStream..ctor(string,System.IO.FileMode,System.IO.FileAccess,System.IO.FileShare)
  at Mono.Cecil.ModuleDefinition.GetFileStream (System.String fileName, System.IO.FileMode mode, System.IO.FileAccess access, System.IO.FileShare share) [0x00006] in <4e339395f8074c75847e518298d9c5fd>:0 
  at Mono.Cecil.ModuleDefinition.ReadModule (System.String fileName, Mono.Cecil.ReaderParameters parameters) [0x00008] in <4e339395f8074c75847e518298d9c5fd>:0 
  at Mono.Cecil.AssemblyDefinition.ReadAssembly (System.String fileName, Mono.Cecil.ReaderParameters parameters) [0x00000] in <4e339395f8074c75847e518298d9c5fd>:0 
  at UnityEditor.AssemblyValidation.LoadAssemblyDefinitions (System.String[] assemblyPaths, System.String[] searchPaths) [0x00048] in <8081513dc2364383b8289d30d2169b2e>:0 
  at UnityEditor.AssemblyValidation.ValidateAssemblies (System.String[] assemblyPaths, System.Boolean enableLogging) [0x00007] in <8081513dc2364383b8289d30d2169b2e>:0 

- Loaded All Assemblies, in  0.554 seconds
Refreshing native plugins compatible for Editor in 1.56 ms, found 4 plugins.
Native extension for WindowsStandalone target not found
[Package Manager] Failed to launch server process. Reason: Unity was launched with the -noUpm command-line argument
[Package Manager] Unable to send message (not connected to server process).
[Package Manager] Cannot connect to Unity Package Manager local server
Mono: successfully reloaded assembly
- Finished resetting the current domain, in  0.590 seconds
Domain Reload Profiling: 1145ms
	BeginReloadAssembly (181ms)
		ExecutionOrderSort (0ms)
		DisableScriptedObjects (11ms)
		BackupInstance (0ms)
		ReleaseScriptingObjects (0ms)
		CreateAndSetChildDomain (51ms)
	RebuildCommonClasses (28ms)
	RebuildNativeTypeToScriptingClass (10ms)
	initialDomainReloadingComplete (26ms)
	LoadAllAssembliesAndSetupDomain (310ms)
		LoadAssemblies (214ms)
		RebuildTransferFunctionScriptingTraits (0ms)
		AnalyzeDomain (172ms)
			TypeCache.Refresh (9ms)
				TypeCache.ScanAssembly (1ms)
			BuildScriptInfoCaches (150ms)
			ResolveRequiredComponents (8ms)
	FinalizeReload (590ms)
		ReleaseScriptCaches (0ms)
		RebuildScriptCaches (0ms)
		SetupLoadedEditorAssemblies (470ms)
			LogAssemblyErrors (0ms)
			InitializePlatformSupportModulesInManaged (1ms)
			SetLoadedEditorAssemblies (5ms)
			BeforeProcessingInitializeOnLoad (122ms)
			ProcessInitializeOnLoadAttributes (292ms)
			ProcessInitializeOnLoadMethodAttributes (43ms)
			AfterProcessingInitializeOnLoad (6ms)
			EditorAssembliesLoaded (0ms)
		ExecutionOrderSort2 (0ms)
		AwakeInstancesAfterBackupRestoration (6ms)
WARNING: Shader Unsupported: 'Hidden/Universal Render Pipeline/Terrain/Lit (Base Pass)' - All subshaders removed
WARNING: Shader Did you use #pragma only_renderers and omit this platform?
WARNING: Shader If subshaders removal was intentional, you may have forgotten turning Fallback off?
WARNING: Shader Unsupported: 'Hidden/Universal Render Pipeline/Terrain/Lit (Base Pass)' - All subshaders removed
WARNING: Shader Did you use #pragma only_renderers and omit this platform?
WARNING: Shader If subshaders removal was intentional, you may have forgotten turning Fallback off?
WARNING: Shader Unsupported: 'Universal Render Pipeline/Terrain/Lit' - All subshaders removed
WARNING: Shader Did you use #pragma only_renderers and omit this platform?
WARNING: Shader If subshaders removal was intentional, you may have forgotten turning Fallback off?
WARNING: Shader Unsupported: 'Universal Render Pipeline/Terrain/Lit' - All subshaders removed
WARNING: Shader Did you use #pragma only_renderers and omit this platform?
WARNING: Shader If subshaders removal was intentional, you may have forgotten turning Fallback off?
Refreshing native plugins compatible for Editor in 1.60 ms, found 4 plugins.
Preloading 0 native plugins for Editor in 0.00 ms.
Unloading 61 Unused Serialized files (Serialized files now loaded: 0)
Unloading 6791 unused Assets / (8.2 MB). Loaded Objects now: 7314.
Memory consumption went from 151.3 MB to 143.1 MB.
Total: 7.920800 ms (FindLiveObjects: 0.541100 ms CreateObjectMapping: 0.473900 ms MarkObjects: 3.656000 ms  DeleteObjects: 3.248500 ms)

Prepare: number of updated asset objects reloaded= 0
Editor requested this worker to shutdown with reason: Scaling down because of idle timeout
AssetImportWorker is now disconnected from the server
Process exiting
Exiting without the bug reporter. Application will terminate with return code 0