[Licensing::Module] Trying to connect to existing licensing client channel...
Built from '6000.2/respin/6000.2.6f2-cc51a95c03' branch; Version is '6000.2.6f2 (4a4dcaec6541) revision 4869578'; Using compiler version '194234433'; Build Type 'Release'
[Licensing::IpcConnector] Successfully connected to: "LicenseClient-KartavyaSingh" at "2025-11-03T23:50:12.7771369Z"
OS: 'Windows 11  (10.0.26200) 64bit Professional' Language: 'en' Physical Memory: 65277 MB
BatchMode: 1, IsHumanControllingUs: 0, StartBugReporterOnCrash: 0, Is64bit: 1
Date: 2025-11-03T23:50:12Z

COMMAND LINE ARGUMENTS:
C:\Program Files\Unity\Hub\Editor\6000.2.6f2\Editor\Unity.exe
-adb2
-batchMode
-noUpm
-name
AssetImportWorker2
-projectPath
D:/Desktop/Kartavya Personal/College/Fall 2025/Senior Design/Adaptabrawl-Senior-Design/Adaptabrawl/Adaptabrawl
-logFile
Logs/AssetImportWorker2.log
-srvPort
65530
-licensingIpc
LicenseClient-KartavyaSingh
-job-worker-count
11
-background-job-worker-count
8
-gc-helper-count
1
-name
AssetImport
Successfully changed project path to: D:/Desktop/Kartavya Personal/College/Fall 2025/Senior Design/Adaptabrawl-Senior-Design/Adaptabrawl/Adaptabrawl
D:/Desktop/Kartavya Personal/College/Fall 2025/Senior Design/Adaptabrawl-Senior-Design/Adaptabrawl/Adaptabrawl
[UnityMemory] Configuration Parameters - Can be set up in boot.config
    "memorysetup-allocator-temp-initial-block-size-main=262144"
    "memorysetup-allocator-temp-initial-block-size-worker=262144"
    "memorysetup-bucket-allocator-granularity=16"
    "memorysetup-bucket-allocator-bucket-count=8"
    "memorysetup-bucket-allocator-block-size=33554432"
    "memorysetup-bucket-allocator-block-count=8"
    "memorysetup-main-allocator-block-size=16777216"
    "memorysetup-thread-allocator-block-size=16777216"
    "memorysetup-gfx-main-allocator-block-size=16777216"
    "memorysetup-gfx-thread-allocator-block-size=16777216"
    "memorysetup-cache-allocator-block-size=4194304"
    "memorysetup-typetree-allocator-block-size=2097152"
    "memorysetup-profiler-bucket-allocator-granularity=16"
    "memorysetup-profiler-bucket-allocator-bucket-count=8"
    "memorysetup-profiler-bucket-allocator-block-size=33554432"
    "memorysetup-profiler-bucket-allocator-block-count=8"
    "memorysetup-profiler-allocator-block-size=16777216"
    "memorysetup-profiler-editor-allocator-block-size=1048576"
    "memorysetup-temp-allocator-size-main=16777216"
    "memorysetup-job-temp-allocator-block-size=2097152"
    "memorysetup-job-temp-allocator-block-size-background=1048576"
    "memorysetup-job-temp-allocator-reduction-small-platforms=262144"
    "memorysetup-temp-allocator-size-background-worker=32768"
    "memorysetup-temp-allocator-size-job-worker=262144"
    "memorysetup-temp-allocator-size-preload-manager=33554432"
    "memorysetup-temp-allocator-size-nav-mesh-worker=65536"
    "memorysetup-temp-allocator-size-audio-worker=65536"
    "memorysetup-temp-allocator-size-cloud-worker=32768"
    "memorysetup-temp-allocator-size-gi-baking-worker=262144"
    "memorysetup-temp-allocator-size-gi-baking-worker=262144"
    "memorysetup-temp-allocator-size-gi-baking-worker=262144"
    "memorysetup-temp-allocator-size-gi-baking-worker=262144"
    "memorysetup-temp-allocator-size-gi-baking-worker=262144"
    "memorysetup-temp-allocator-size-gfx=262144"
Player connection [40152]  Target information:

Player connection [40152]  * "[IP] 192.168.0.131 [Port] 0 [Flags] 2 [Guid] 1998372601 [EditorId] 1998372601 [Version] 1048832 [Id] WindowsEditor(7,Kartavyas-PC) [Debug] 1 [PackageName] WindowsEditor [ProjectName] Editor" 

Player connection [40152]  * "[IP] 172.31.224.1 [Port] 0 [Flags] 2 [Guid] 1998372601 [EditorId] 1998372601 [Version] 1048832 [Id] WindowsEditor(7,Kartavyas-PC) [Debug] 1 [PackageName] WindowsEditor [ProjectName] Editor" 

Player connection [40152]  * "[IP] 192.168.56.1 [Port] 0 [Flags] 2 [Guid] 1998372601 [EditorId] 1998372601 [Version] 1048832 [Id] WindowsEditor(7,Kartavyas-PC) [Debug] 1 [PackageName] WindowsEditor [ProjectName] Editor" 

Player connection [40152]  * "[IP] 192.168.32.1 [Port] 0 [Flags] 2 [Guid] 1998372601 [EditorId] 1998372601 [Version] 1048832 [Id] WindowsEditor(7,Kartavyas-PC) [Debug] 1 [PackageName] WindowsEditor [ProjectName] Editor" 

Player connection [40152] Host joined multi-casting on [225.0.0.222:54997]...
Player connection [40152] Host joined alternative multi-casting on [225.0.0.222:34997]...
JobSystem: Creating JobQueue using job-worker-count value 11
Input System module state changed to: Initialized.
[Physics::Module] Initialized fallback backend.
[Physics::Module] Id: 0xdecafbad
[Licensing::Client] Code 10 while verifying Licensing Client signature (process Id: 32816, path: "C:/Program Files/Unity Hub/UnityLicensingClient_V1/Unity.Licensing.Client.exe")
[Licensing::Module] LicensingClient has failed validation; ignoring
[Licensing::Client] Handshaking with LicensingClient:
  Version:                 1.17.3+a4e98f1
  Session Id:              a8e820a2c35042c39b77119a6a7a913c
  Correlation Id:          0012e8eb8f6eb81b7d5d2f7bdd04f5a1
  External correlation Id: 8741318477549318157
  Machine Id:              C4bpW+nJxgX6eyXLE/gS7tbY3iA=
[Licensing::Module] Successfully connected to LicensingClient on channel: "LicenseClient-KartavyaSingh" (connect: 0.00s, validation: 0.00s, handshake: 0.03s)
[Licensing::IpcConnector] Successfully connected to: "LicenseClient-KartavyaSingh-notifications" at "2025-11-03T23:50:12.8079527Z"
[Licensing::Module] Licensing Background thread has ended after 0.03s
Library Redirect Path: Library/
[Physics::Module] Selected backend.
[Physics::Module] Name: PhysX
[Physics::Module] Id: 0xf2b8ea05
[Physics::Module] SDK Version: 4.1.2
[Physics::Module] Integration Version: 1.0.0
[Physics::Module] Threading Mode: Multi-Threaded
Refreshing native plugins compatible for Editor in 3.97 ms, found 4 plugins.
Preloading 0 native plugins for Editor in 0.00 ms.
Initialize engine version: 6000.2.6f2 (4a4dcaec6541)
[Subsystems] Discovering subsystems at path C:/Program Files/Unity/Hub/Editor/6000.2.6f2/Editor/Data/Resources/UnitySubsystems
[Subsystems] Discovering subsystems at path D:/Desktop/Kartavya Personal/College/Fall 2025/Senior Design/Adaptabrawl-Senior-Design/Adaptabrawl/Adaptabrawl/Assets
GfxDevice: creating device client; kGfxThreadingModeNonThreaded
d3d12: failed to query info queue interface (0x80004002).
Direct3D:
    Version:         Direct3D 12 [level 12.1]
    Renderer:        NVIDIA GeForce RTX 5070 Ti (ID=0x2c05)
    Vendor:          NVIDIA
    VRAM:            15907 MB
    App VRAM Budget: 15139 MB
    Driver:          32.0.15.8157
Initialize mono
Mono path[0] = 'C:/Program Files/Unity/Hub/Editor/6000.2.6f2/Editor/Data/Managed'
Mono path[1] = 'C:/Program Files/Unity/Hub/Editor/6000.2.6f2/Editor/Data/MonoBleedingEdge/lib/mono/unityjit-win32'
Mono config path = 'C:/Program Files/Unity/Hub/Editor/6000.2.6f2/Editor/Data/MonoBleedingEdge/etc'
Using monoOptions --debugger-agent=transport=dt_socket,embedding=1,server=y,suspend=n,address=127.0.0.1:56668
Begin MonoManager ReloadAssembly
Registering precompiled unity dll's ...
Register platform support module: C:/Program Files/Unity/Hub/Editor/6000.2.6f2/Editor/Data/PlaybackEngines/WindowsStandaloneSupport/UnityEditor.WindowsStandalone.Extensions.dll
Registered in 0.002081 seconds.
- Loaded All Assemblies, in  0.334 seconds
Native extension for WindowsStandalone target not found
Mono: successfully reloaded assembly
- Finished resetting the current domain, in  0.281 seconds
Domain Reload Profiling: 611ms
	BeginReloadAssembly (111ms)
		ExecutionOrderSort (0ms)
		DisableScriptedObjects (0ms)
		BackupInstance (0ms)
		ReleaseScriptingObjects (0ms)
		CreateAndSetChildDomain (1ms)
	RebuildCommonClasses (32ms)
	RebuildNativeTypeToScriptingClass (11ms)
	initialDomainReloadingComplete (45ms)
	LoadAllAssembliesAndSetupDomain (132ms)
		LoadAssemblies (107ms)
		RebuildTransferFunctionScriptingTraits (0ms)
		AnalyzeDomain (130ms)
			TypeCache.Refresh (128ms)
				TypeCache.ScanAssembly (117ms)
			BuildScriptInfoCaches (0ms)
			ResolveRequiredComponents (0ms)
	FinalizeReload (281ms)
		ReleaseScriptCaches (0ms)
		RebuildScriptCaches (0ms)
		SetupLoadedEditorAssemblies (243ms)
			LogAssemblyErrors (0ms)
			InitializePlatformSupportModulesInManaged (41ms)
			SetLoadedEditorAssemblies (3ms)
			BeforeProcessingInitializeOnLoad (50ms)
			ProcessInitializeOnLoadAttributes (105ms)
			ProcessInitializeOnLoadMethodAttributes (43ms)
			AfterProcessingInitializeOnLoad (0ms)
			EditorAssembliesLoaded (0ms)
		ExecutionOrderSort2 (0ms)
		AwakeInstancesAfterBackupRestoration (0ms)
========================================================================
Worker process is ready to serve import requests
Import Worker Mode flag is 0x00
Begin MonoManager ReloadAssembly
[Licensing::Client] Successfully resolved entitlement details
[Licensing::Module] License group:
  Id: 2474547190885-UnityPersXXXX
  Product: Unity Personal
  Type: Assigned
  Expiration: Unlimited
DirectoryNotFoundException: Could not find a part of the path "D:\Desktop\Kartavya Personal\College\Fall 2025\Senior Design\Adaptabrawl-Senior-Design\Adaptabrawl\Adaptabrawl\Library\PackageCache\com.unity.collections@d49facba0036\Unity.Collections.Tests\System.Runtime.CompilerServices.Unsafe\System.Runtime.CompilerServices.Unsafe.dll"
  at System.IO.FileStream..ctor (System.String path, System.IO.FileMode mode, System.IO.FileAccess access, System.IO.FileShare share, System.Int32 bufferSize, System.Boolean anonymous, System.IO.FileOptions options) [0x0019e] in <59bd7c40c082431db25e1e728ab62789>:0 
  at System.IO.FileStream..ctor (System.String path, System.IO.FileMode mode, System.IO.FileAccess access, System.IO.FileShare share) [0x00000] in <59bd7c40c082431db25e1e728ab62789>:0 
  at (wrapper remoting-invoke-with-check) System.IO.FileStream..ctor(string,System.IO.FileMode,System.IO.FileAccess,System.IO.FileShare)
  at Mono.Cecil.ModuleDefinition.GetFileStream (System.String fileName, System.IO.FileMode mode, System.IO.FileAccess access, System.IO.FileShare share) [0x00006] in <4e339395f8074c75847e518298d9c5fd>:0 
  at Mono.Cecil.ModuleDefinition.ReadModule (System.String fileName, Mono.Cecil.ReaderParameters parameters) [0x00008] in <4e339395f8074c75847e518298d9c5fd>:0 
  at Mono.Cecil.AssemblyDefinition.ReadAssembly (System.String fileName, Mono.Cecil.ReaderParameters parameters) [0x00000] in <4e339395f8074c75847e518298d9c5fd>:0 
  at UnityEditor.AssemblyValidation.LoadAssemblyDefinitions (System.String[] assemblyPaths, System.String[] searchPaths) [0x00048] in <8081513dc2364383b8289d30d2169b2e>:0 
  at UnityEditor.AssemblyValidation.ValidateAssemblies (System.String[] assemblyPaths, System.Boolean enableLogging) [0x00007] in <8081513dc2364383b8289d30d2169b2e>:0 

- Loaded All Assemblies, in  0.533 seconds
Refreshing native plugins compatible for Editor in 1.00 ms, found 4 plugins.
Native extension for WindowsStandalone target not found
Package Manager log level set to [2]
[Package Manager] Failed to launch server process. Reason: Unity was launched with the -noUpm command-line argument
[Package Manager] Unable to send message (not connected to server process).
[Package Manager] Cannot connect to Unity Package Manager local server
Mono: successfully reloaded assembly
- Finished resetting the current domain, in  0.540 seconds
Domain Reload Profiling: 1071ms
	BeginReloadAssembly (139ms)
		ExecutionOrderSort (0ms)
		DisableScriptedObjects (4ms)
		BackupInstance (0ms)
		ReleaseScriptingObjects (0ms)
		CreateAndSetChildDomain (22ms)
	RebuildCommonClasses (25ms)
	RebuildNativeTypeToScriptingClass (8ms)
	initialDomainReloadingComplete (32ms)
	LoadAllAssembliesAndSetupDomain (327ms)
		LoadAssemblies (202ms)
		RebuildTransferFunctionScriptingTraits (0ms)
		AnalyzeDomain (200ms)
			TypeCache.Refresh (140ms)
				TypeCache.ScanAssembly (129ms)
			BuildScriptInfoCaches (50ms)
			ResolveRequiredComponents (7ms)
	FinalizeReload (540ms)
		ReleaseScriptCaches (0ms)
		RebuildScriptCaches (0ms)
		SetupLoadedEditorAssemblies (457ms)
			LogAssemblyErrors (0ms)
			InitializePlatformSupportModulesInManaged (1ms)
			SetLoadedEditorAssemblies (4ms)
			BeforeProcessingInitializeOnLoad (96ms)
			ProcessInitializeOnLoadAttributes (306ms)
			ProcessInitializeOnLoadMethodAttributes (44ms)
			AfterProcessingInitializeOnLoad (5ms)
			EditorAssembliesLoaded (0ms)
		ExecutionOrderSort2 (0ms)
		AwakeInstancesAfterBackupRestoration (5ms)
WARNING: Shader Unsupported: 'Hidden/Universal Render Pipeline/Terrain/Lit (Base Pass)' - All subshaders removed
WARNING: Shader Did you use #pragma only_renderers and omit this platform?
WARNING: Shader If subshaders removal was intentional, you may have forgotten turning Fallback off?
WARNING: Shader Unsupported: 'Hidden/Universal Render Pipeline/Terrain/Lit (Base Pass)' - All subshaders removed
WARNING: Shader Did you use #pragma only_renderers and omit this platform?
WARNING: Shader If subshaders removal was intentional, you may have forgotten turning Fallback off?
WARNING: Shader Unsupported: 'Universal Render Pipeline/Terrain/Lit' - All subshaders removed
WARNING: Shader Did you use #pragma only_renderers and omit this platform?
WARNING: Shader If subshaders removal was intentional, you may have forgotten turning Fallback off?
WARNING: Shader Unsupported: 'Universal Render Pipeline/Terrain/Lit' - All subshaders removed
WARNING: Shader Did you use #pragma only_renderers and omit this platform?
WARNING: Shader If subshaders removal was intentional, you may have forgotten turning Fallback off?
Launched and connected shader compiler UnityShaderCompiler.exe after 0.01 seconds
Refreshing native plugins compatible for Editor in 1.12 ms, found 4 plugins.
Preloading 0 native plugins for Editor in 0.00 ms.
Unloading 61 Unused Serialized files (Serialized files now loaded: 0)
Unloading 6792 unused Assets / (9.6 MB). Loaded Objects now: 7308.
Memory consumption went from 149.7 MB to 140.0 MB.
Total: 8.469600 ms (FindLiveObjects: 0.551900 ms CreateObjectMapping: 0.525700 ms MarkObjects: 3.895300 ms  DeleteObjects: 3.495700 ms)

========================================================================
Received Import Request.
  Time since last request: 102298.408680 seconds.
  path: Assets/SyntyStudios/PolygonCity/Prefabs/Props/SM_Prop_Planter_02.prefab
  artifactKey: Guid(a425d6179c7b4e045925dd078909c5d9) Importer(2089858483,192608db42251d675da83286b1cce702)
Start importing Assets/SyntyStudios/PolygonCity/Prefabs/Props/SM_Prop_Planter_02.prefab using Guid(a425d6179c7b4e045925dd078909c5d9) Importer(2089858483,192608db42251d675da83286b1cce702) (ScriptedImporter) -> (artifact id: '47d929816e69b4b3cb3d8588bbc86887') in 0.1870961 seconds
Number of updated asset objects reloaded before import = 0Number of asset objects unloaded after import = 10

========================================================================
Received Import Request.
  Time since last request: 0.000013 seconds.
  path: Assets/SyntyStudios/PolygonKnights/Models/SM_Bld_Castle_Wood_Battlement_03_Snow.fbx
  artifactKey: Guid(bdbe413e4790213499213e4f26a8baef) Importer(2089858483,192608db42251d675da83286b1cce702)
Start importing Assets/SyntyStudios/PolygonKnights/Models/SM_Bld_Castle_Wood_Battlement_03_Snow.fbx using Guid(bdbe413e4790213499213e4f26a8baef) Importer(2089858483,192608db42251d675da83286b1cce702) (ScriptedImporter) -> (artifact id: '2a72a1af783e1936b077c819501e8951') in 0.0327018 seconds
Number of updated asset objects reloaded before import = 0Number of asset objects unloaded after import = 7

========================================================================
Received Import Request.
  Time since last request: 0.000016 seconds.
  path: Assets/SyntyStudios/PolygonCity/Models/Collisions/SM_Prop_Sign_Bustop_01_Convex.asset
  artifactKey: Guid(d459d9754445d414397f9c4c5201238e) Importer(2089858483,192608db42251d675da83286b1cce702)
Start importing Assets/SyntyStudios/PolygonCity/Models/Collisions/SM_Prop_Sign_Bustop_01_Convex.asset using Guid(d459d9754445d414397f9c4c5201238e) Importer(2089858483,192608db42251d675da83286b1cce702) (ScriptedImporter) -> (artifact id: '55a71338a0fd78f7a42e6ca8f59defcc') in 0.0119002 seconds
Number of updated asset objects reloaded before import = 0Number of asset objects unloaded after import = 1

========================================================================
Received Import Request.
  Time since last request: 0.000020 seconds.
  path: Assets/SyntyStudios/PolygonAdventure/Models/SM_Env_Hill_04.fbx
  artifactKey: Guid(3c0cabc1b91ca2147b72e88766254f39) Importer(2089858483,192608db42251d675da83286b1cce702)
Start importing Assets/SyntyStudios/PolygonAdventure/Models/SM_Env_Hill_04.fbx using Guid(3c0cabc1b91ca2147b72e88766254f39) Importer(2089858483,192608db42251d675da83286b1cce702) (ScriptedImporter) -> (artifact id: 'b111a98f8e3424efa5a5d15181d0a417') in 0.0182864 seconds
Number of updated asset objects reloaded before import = 0Number of asset objects unloaded after import = 7

========================================================================
Received Import Request.
  Time since last request: 0.000076 seconds.
  path: Assets/SyntyStudios/PolygonCity/Models/SM_Prop_Pipe_Small_01.fbx
  artifactKey: Guid(555faddb0f4f8a64f942ddd15e67af9c) Importer(2089858483,192608db42251d675da83286b1cce702)
Start importing Assets/SyntyStudios/PolygonCity/Models/SM_Prop_Pipe_Small_01.fbx using Guid(555faddb0f4f8a64f942ddd15e67af9c) Importer(2089858483,192608db42251d675da83286b1cce702) (ScriptedImporter) -> (artifact id: 'c25d41155db03b22d67855bc743f08eb') in 0.0178063 seconds
Number of updated asset objects reloaded before import = 0Number of asset objects unloaded after import = 7

========================================================================
Received Import Request.
  Time since last request: 0.000012 seconds.
  path: Assets/SyntyStudios/PolygonPrototype/Models/SM_Prop_Minigolf_Club_01.fbx
  artifactKey: Guid(59e4b61d7bfdd054fac81c8151e803f1) Importer(2089858483,192608db42251d675da83286b1cce702)
Start importing Assets/SyntyStudios/PolygonPrototype/Models/SM_Prop_Minigolf_Club_01.fbx using Guid(59e4b61d7bfdd054fac81c8151e803f1) Importer(2089858483,192608db42251d675da83286b1cce702) (ScriptedImporter) -> (artifact id: 'da635689bac78c7c4bb429b4af30d80d') in 0.0192782 seconds
Number of updated asset objects reloaded before import = 0Number of asset objects unloaded after import = 7

========================================================================
Received Import Request.
  Time since last request: 0.000013 seconds.
  path: Assets/SyntyStudios/PolygonStarter/Models/SM_Bean_Cop_01.fbx
  artifactKey: Guid(c89a73caf26194948b5a891401eaf18e) Importer(2089858483,192608db42251d675da83286b1cce702)
Start importing Assets/SyntyStudios/PolygonStarter/Models/SM_Bean_Cop_01.fbx using Guid(c89a73caf26194948b5a891401eaf18e) Importer(2089858483,192608db42251d675da83286b1cce702) (ScriptedImporter) -> (artifact id: 'ff18aaf1b472983554d32c61b56a3e25') in 0.0175472 seconds
Number of updated asset objects reloaded before import = 0Number of asset objects unloaded after import = 7

========================================================================
Received Import Request.
  Time since last request: 0.000012 seconds.
  path: Assets/SyntyStudios/PolygonKnights/Prefabs/Buildings/SM_Bld_House_Door_02.prefab
  artifactKey: Guid(5d4ced0355afd34439cce06d7e7012b5) Importer(2089858483,192608db42251d675da83286b1cce702)
Start importing Assets/SyntyStudios/PolygonKnights/Prefabs/Buildings/SM_Bld_House_Door_02.prefab using Guid(5d4ced0355afd34439cce06d7e7012b5) Importer(2089858483,192608db42251d675da83286b1cce702) (ScriptedImporter) -> (artifact id: '5edec1f71b1b89092eb92ae63695d742') in 0.0174589 seconds
Number of updated asset objects reloaded before import = 0Number of asset objects unloaded after import = 10

========================================================================
Received Import Request.
  Time since last request: 0.000012 seconds.
  path: Assets/SyntyStudios/PolygonKnights/Models/ConvexCollisions/SM_Bld_House_TopRoomSmall_02_Snow_Convex.asset
  artifactKey: Guid(ff649b8162b9c4341be61b813db71699) Importer(2089858483,192608db42251d675da83286b1cce702)
Start importing Assets/SyntyStudios/PolygonKnights/Models/ConvexCollisions/SM_Bld_House_TopRoomSmall_02_Snow_Convex.asset using Guid(ff649b8162b9c4341be61b813db71699) Importer(2089858483,192608db42251d675da83286b1cce702) (ScriptedImporter) -> (artifact id: 'b9efb85d869021a318648b6f9b86a556') in 0.0129365 seconds
Number of updated asset objects reloaded before import = 0Number of asset objects unloaded after import = 1

========================================================================
Received Import Request.
  Time since last request: 0.000011 seconds.
  path: Assets/SyntyStudios/PolygonKnights/Prefabs/Buildings/SM_Bld_House_RoomTall_04.prefab
  artifactKey: Guid(82a0c5a1b9118ab4bb67709fc878adbd) Importer(2089858483,192608db42251d675da83286b1cce702)
Start importing Assets/SyntyStudios/PolygonKnights/Prefabs/Buildings/SM_Bld_House_RoomTall_04.prefab using Guid(82a0c5a1b9118ab4bb67709fc878adbd) Importer(2089858483,192608db42251d675da83286b1cce702) (ScriptedImporter) -> (artifact id: 'd5ae4f445179fa2fae5a5de011940aa2') in 0.0207512 seconds
Number of updated asset objects reloaded before import = 0Number of asset objects unloaded after import = 12

========================================================================
Received Import Request.
  Time since last request: 0.000016 seconds.
  path: Assets/SyntyStudios/PolygonAdventure/Prefabs/Environments/SM_Env_Rock_015.prefab
  artifactKey: Guid(27b2a5e9e01330645a7ab5be223502ae) Importer(2089858483,192608db42251d675da83286b1cce702)
Start importing Assets/SyntyStudios/PolygonAdventure/Prefabs/Environments/SM_Env_Rock_015.prefab using Guid(27b2a5e9e01330645a7ab5be223502ae) Importer(2089858483,192608db42251d675da83286b1cce702) (ScriptedImporter) -> (artifact id: '234d9bacbd5b7ad5330867b9f3242a50') in 0.0223032 seconds
Number of updated asset objects reloaded before import = 0Number of asset objects unloaded after import = 10

========================================================================
Received Import Request.
  Time since last request: 0.000015 seconds.
  path: Assets/SyntyStudios/PolygonPrototype/Models/SM_Buildings_Ramp_70_1x1_01P.fbx
  artifactKey: Guid(ba4a56f3a2c378042aba513daf8ec5ed) Importer(2089858483,192608db42251d675da83286b1cce702)
Start importing Assets/SyntyStudios/PolygonPrototype/Models/SM_Buildings_Ramp_70_1x1_01P.fbx using Guid(ba4a56f3a2c378042aba513daf8ec5ed) Importer(2089858483,192608db42251d675da83286b1cce702) (ScriptedImporter) -> (artifact id: 'dd5215ce5809a06f16408d2d617be84a') in 0.0254952 seconds
Number of updated asset objects reloaded before import = 0Number of asset objects unloaded after import = 7

========================================================================
Received Import Request.
  Time since last request: 0.000014 seconds.
  path: Assets/SyntyStudios/PolygonCity/Models/Collisions/SM_Prop_ParkingMeter_01_Convex.asset
  artifactKey: Guid(73b8147a244d60548aadbde24799118f) Importer(2089858483,192608db42251d675da83286b1cce702)
Start importing Assets/SyntyStudios/PolygonCity/Models/Collisions/SM_Prop_ParkingMeter_01_Convex.asset using Guid(73b8147a244d60548aadbde24799118f) Importer(2089858483,192608db42251d675da83286b1cce702) (ScriptedImporter) -> (artifact id: 'c5873532710b1fd5658cf68b5ce8f00a') in 0.0183529 seconds
Number of updated asset objects reloaded before import = 0Number of asset objects unloaded after import = 1

========================================================================
Received Import Request.
  Time since last request: 0.000032 seconds.
  path: Assets/SyntyStudios/PolygonPrototype/Prefabs/Icons/SM_Icon_Letter_X_01.prefab
  artifactKey: Guid(afe427e413bd1e84b885d8198f01fa2c) Importer(2089858483,192608db42251d675da83286b1cce702)
Start importing Assets/SyntyStudios/PolygonPrototype/Prefabs/Icons/SM_Icon_Letter_X_01.prefab using Guid(afe427e413bd1e84b885d8198f01fa2c) Importer(2089858483,192608db42251d675da83286b1cce702) (ScriptedImporter) -> (artifact id: 'ea8dad3c8e8f6770f0c4fc6cbaf45e1d') in 0.0157322 seconds
Number of updated asset objects reloaded before import = 0Number of asset objects unloaded after import = 8

========================================================================
Received Import Request.
  Time since last request: 0.000014 seconds.
  path: Assets/SyntyStudios/PolygonCity/Prefabs/Props/SM_Prop_Sign_Bustop_01.prefab
  artifactKey: Guid(7e45a107e109d424db2b00ec85e4f565) Importer(2089858483,192608db42251d675da83286b1cce702)
Start importing Assets/SyntyStudios/PolygonCity/Prefabs/Props/SM_Prop_Sign_Bustop_01.prefab using Guid(7e45a107e109d424db2b00ec85e4f565) Importer(2089858483,192608db42251d675da83286b1cce702) (ScriptedImporter) -> (artifact id: 'ba4fc2bc6caa505bcacce4314bd1562a') in 0.0171463 seconds
Number of updated asset objects reloaded before import = 0Number of asset objects unloaded after import = 10

========================================================================
Received Import Request.
  Time since last request: 0.000013 seconds.
  path: Assets/SyntyStudios/PolygonPrototype/Models/SM_Buildings_Ramp_45_1x1_01.fbx
  artifactKey: Guid(e773e5e2f9670824bad8b836f8425d2c) Importer(2089858483,192608db42251d675da83286b1cce702)
Start importing Assets/SyntyStudios/PolygonPrototype/Models/SM_Buildings_Ramp_45_1x1_01.fbx using Guid(e773e5e2f9670824bad8b836f8425d2c) Importer(2089858483,192608db42251d675da83286b1cce702) (ScriptedImporter) -> (artifact id: '27f7e6452c724fd988f702cd48b04da2') in 0.0176978 seconds
Number of updated asset objects reloaded before import = 0Number of asset objects unloaded after import = 7

========================================================================
Received Import Request.
  Time since last request: 0.000014 seconds.
  path: Assets/SyntyStudios/PolygonAdventure/Prefabs/Environments/SM_Env_Rock_010.prefab
  artifactKey: Guid(cd24e2db351b23d4394bf6b5203c87a9) Importer(2089858483,192608db42251d675da83286b1cce702)
Start importing Assets/SyntyStudios/PolygonAdventure/Prefabs/Environments/SM_Env_Rock_010.prefab using Guid(cd24e2db351b23d4394bf6b5203c87a9) Importer(2089858483,192608db42251d675da83286b1cce702) (ScriptedImporter) -> (artifact id: '1fd18c0797d3eb167a292ac84cd8e318') in 0.0211128 seconds
Number of updated asset objects reloaded before import = 0Number of asset objects unloaded after import = 10

========================================================================
Received Import Request.
  Time since last request: 0.000012 seconds.
  path: Assets/SyntyStudios/PolygonPrototype/Prefabs/Icons/SM_Note_CodePass_01.prefab
  artifactKey: Guid(34223810bb250f547bd02db01c5032e7) Importer(2089858483,192608db42251d675da83286b1cce702)
Start importing Assets/SyntyStudios/PolygonPrototype/Prefabs/Icons/SM_Note_CodePass_01.prefab using Guid(34223810bb250f547bd02db01c5032e7) Importer(2089858483,192608db42251d675da83286b1cce702) (ScriptedImporter) -> (artifact id: '447eee6a6cf22bd056f815002f6c6d17') in 0.0160283 seconds
Number of updated asset objects reloaded before import = 0Number of asset objects unloaded after import = 8

========================================================================
Received Import Request.
  Time since last request: 0.000012 seconds.
  path: Assets/SyntyStudios/PolygonAdventure/Models/Collision/SM_Prop_Washingline_03_Convex.asset
  artifactKey: Guid(91d12be80d181c4448776b75d5e0693d) Importer(2089858483,192608db42251d675da83286b1cce702)
Start importing Assets/SyntyStudios/PolygonAdventure/Models/Collision/SM_Prop_Washingline_03_Convex.asset using Guid(91d12be80d181c4448776b75d5e0693d) Importer(2089858483,192608db42251d675da83286b1cce702) (ScriptedImporter) -> (artifact id: '227e0fa4d6aef7b7c233c4492e91391f') in 0.0151779 seconds
Number of updated asset objects reloaded before import = 0Number of asset objects unloaded after import = 1

========================================================================
Received Import Request.
  Time since last request: 0.000016 seconds.
  path: Assets/SyntyStudios/PolygonStarter/Prefabs/SM_Generic_Small_Rocks_04.prefab
  artifactKey: Guid(097c26aede8f73e41a32d546bd00e97f) Importer(2089858483,192608db42251d675da83286b1cce702)
Start importing Assets/SyntyStudios/PolygonStarter/Prefabs/SM_Generic_Small_Rocks_04.prefab using Guid(097c26aede8f73e41a32d546bd00e97f) Importer(2089858483,192608db42251d675da83286b1cce702) (ScriptedImporter) -> (artifact id: '3e6393c5fccd8669b6981639aec1ea73') in 0.0161705 seconds
Number of updated asset objects reloaded before import = 0Number of asset objects unloaded after import = 8

========================================================================
Received Import Request.
  Time since last request: 0.000013 seconds.
  path: Assets/SyntyStudios/PolygonCity/Models/Collisions/SM_Prop_Skip_02_Convex.asset
  artifactKey: Guid(9d91de2d64a580143a212bed10b6acaf) Importer(2089858483,192608db42251d675da83286b1cce702)
Start importing Assets/SyntyStudios/PolygonCity/Models/Collisions/SM_Prop_Skip_02_Convex.asset using Guid(9d91de2d64a580143a212bed10b6acaf) Importer(2089858483,192608db42251d675da83286b1cce702) (ScriptedImporter) -> (artifact id: '1db43c2cd8158fe31587444ab14c0d89') in 0.011948 seconds
Number of updated asset objects reloaded before import = 0Number of asset objects unloaded after import = 1

========================================================================
Received Prepare
WARNING: Shader Unsupported: 'Hidden/Universal Render Pipeline/Terrain/Lit (Base Pass)' - All subshaders removed
WARNING: Shader Did you use #pragma only_renderers and omit this platform?
WARNING: Shader If subshaders removal was intentional, you may have forgotten turning Fallback off?
WARNING: Shader Unsupported: 'Hidden/Universal Render Pipeline/Terrain/Lit (Base Pass)' - All subshaders removed
WARNING: Shader Did you use #pragma only_renderers and omit this platform?
WARNING: Shader If subshaders removal was intentional, you may have forgotten turning Fallback off?
WARNING: Shader Unsupported: 'Universal Render Pipeline/Terrain/Lit' - All subshaders removed
WARNING: Shader Did you use #pragma only_renderers and omit this platform?
WARNING: Shader If subshaders removal was intentional, you may have forgotten turning Fallback off?
WARNING: Shader Unsupported: 'Universal Render Pipeline/Terrain/Lit' - All subshaders removed
WARNING: Shader Did you use #pragma only_renderers and omit this platform?
WARNING: Shader If subshaders removal was intentional, you may have forgotten turning Fallback off?
Refreshing native plugins compatible for Editor in 1.47 ms, found 4 plugins.
Preloading 0 native plugins for Editor in 0.00 ms.
Unloading 61 Unused Serialized files (Serialized files now loaded: 0)
Unloading 6781 unused Assets / (7.9 MB). Loaded Objects now: 7311.
Memory consumption went from 150.1 MB to 142.2 MB.
Total: 8.613300 ms (FindLiveObjects: 0.858900 ms CreateObjectMapping: 0.566500 ms MarkObjects: 3.946300 ms  DeleteObjects: 3.240600 ms)

Prepare: number of updated asset objects reloaded= 0
========================================================================
Received Import Request.
  Time since last request: 0.637219 seconds.
  path: Assets/Movement.cs
  artifactKey: Guid(b7bd71cfa6eff2f448405031c022f19c) Importer(815301076,1909f56bfc062723c751e8b465ee728b)
Start importing Assets/Movement.cs using Guid(b7bd71cfa6eff2f448405031c022f19c) Importer(815301076,1909f56bfc062723c751e8b465ee728b) (PreviewImporter) -> (artifact id: 'b7698a78a37bedc9ed31143a753bc6cd') in 0.0005895 seconds
Number of updated asset objects reloaded before import = 0Number of asset objects unloaded after import = 0

========================================================================
Received Import Request.
  Time since last request: 11.880417 seconds.
  path: Assets/SyntyStudios/PolygonAdventure/Models/Collision/SM_Env_Rock_04_Snow_Convex.asset
  artifactKey: Guid(d2e80dbf352835c4caebccdeae4f52ae) Importer(2089858483,192608db42251d675da83286b1cce702)
Start importing Assets/SyntyStudios/PolygonAdventure/Models/Collision/SM_Env_Rock_04_Snow_Convex.asset using Guid(d2e80dbf352835c4caebccdeae4f52ae) Importer(2089858483,192608db42251d675da83286b1cce702) (ScriptedImporter) -> (artifact id: 'c8ae7ffb74903df9f0f89fcaec9c2b2a') in 0.0521919 seconds
Number of updated asset objects reloaded before import = 0Number of asset objects unloaded after import = 1

========================================================================
Received Import Request.
  Time since last request: 0.000015 seconds.
  path: Assets/SyntyStudios/PolygonAdventure/Prefabs/Environments/SM_Env_Hill_02.prefab
  artifactKey: Guid(a704f1dd0e466044580391690af7f112) Importer(2089858483,192608db42251d675da83286b1cce702)
Start importing Assets/SyntyStudios/PolygonAdventure/Prefabs/Environments/SM_Env_Hill_02.prefab using Guid(a704f1dd0e466044580391690af7f112) Importer(2089858483,192608db42251d675da83286b1cce702) (ScriptedImporter) -> (artifact id: '7fd5bc8da4d9eead7541acb3c57d3442') in 0.0155803 seconds
Number of updated asset objects reloaded before import = 0Number of asset objects unloaded after import = 9

========================================================================
Received Import Request.
  Time since last request: 0.000014 seconds.
  path: Assets/SyntyStudios/PolygonAdventure/Models/Collision/SM_Prop_Sack_01_Convex 1.asset
  artifactKey: Guid(8da7976ee6c8cb444bf309b40ebffcc7) Importer(2089858483,192608db42251d675da83286b1cce702)
Start importing Assets/SyntyStudios/PolygonAdventure/Models/Collision/SM_Prop_Sack_01_Convex 1.asset using Guid(8da7976ee6c8cb444bf309b40ebffcc7) Importer(2089858483,192608db42251d675da83286b1cce702) (ScriptedImporter) -> (artifact id: 'e5f06f7b2f8837dea2b4335ac200af76') in 0.0131057 seconds
Number of updated asset objects reloaded before import = 0Number of asset objects unloaded after import = 1

========================================================================
Received Import Request.
  Time since last request: 0.000019 seconds.
  path: Assets/SyntyStudios/PolygonPrototype/Materials/PolygonPrototype_Global_Grid_04.mat
  artifactKey: Guid(c70e075a2144ba04784d74b7b2889fd3) Importer(2089858483,192608db42251d675da83286b1cce702)
Start importing Assets/SyntyStudios/PolygonPrototype/Materials/PolygonPrototype_Global_Grid_04.mat using Guid(c70e075a2144ba04784d74b7b2889fd3) Importer(2089858483,192608db42251d675da83286b1cce702) (ScriptedImporter) -> (artifact id: '878a5474f3a643df415aa32f356a614f') in 0.0227832 seconds
Number of updated asset objects reloaded before import = 0Number of asset objects unloaded after import = 2

========================================================================
Received Import Request.
  Time since last request: 0.000013 seconds.
  path: Assets/SyntyStudios/PolygonCity/Models/SM_Prop_Sign_Attachment_03.fbx
  artifactKey: Guid(7ce641d661454b145b61f863393cd02f) Importer(2089858483,192608db42251d675da83286b1cce702)
Start importing Assets/SyntyStudios/PolygonCity/Models/SM_Prop_Sign_Attachment_03.fbx using Guid(7ce641d661454b145b61f863393cd02f) Importer(2089858483,192608db42251d675da83286b1cce702) (ScriptedImporter) -> (artifact id: '659599411498e9e1db5f8c10661d1f73') in 0.0204749 seconds
Number of updated asset objects reloaded before import = 0Number of asset objects unloaded after import = 7

========================================================================
Received Import Request.
  Time since last request: 0.000012 seconds.
  path: Assets/SyntyStudios/PolygonCity/Prefabs/Environments/SM_Env_Path_T_01.prefab
  artifactKey: Guid(d411191a8d55609409b2a8016f0483b4) Importer(2089858483,192608db42251d675da83286b1cce702)
Start importing Assets/SyntyStudios/PolygonCity/Prefabs/Environments/SM_Env_Path_T_01.prefab using Guid(d411191a8d55609409b2a8016f0483b4) Importer(2089858483,192608db42251d675da83286b1cce702) (ScriptedImporter) -> (artifact id: 'e9a1c6e491bf79cffb491d373a8ceaea') in 0.0165274 seconds
Number of updated asset objects reloaded before import = 0Number of asset objects unloaded after import = 10

========================================================================
Received Import Request.
  Time since last request: 0.000013 seconds.
  path: Assets/SyntyStudios/PolygonKnights/Models/ConvexCollisions/SM_Bld_House_RoomTall_06_Convex.asset
  artifactKey: Guid(504c1aacc29e79842a43ee024902610e) Importer(2089858483,192608db42251d675da83286b1cce702)
Start importing Assets/SyntyStudios/PolygonKnights/Models/ConvexCollisions/SM_Bld_House_RoomTall_06_Convex.asset using Guid(504c1aacc29e79842a43ee024902610e) Importer(2089858483,192608db42251d675da83286b1cce702) (ScriptedImporter) -> (artifact id: 'e324213837f68b1bba263ca3059a2b5c') in 0.0128334 seconds
Number of updated asset objects reloaded before import = 0Number of asset objects unloaded after import = 1

========================================================================
Received Import Request.
  Time since last request: 0.000091 seconds.
  path: Assets/SyntyStudios/PolygonCity/Models/Collisions/SM_Bld_Apartment_Door_01_Convex 2.asset
  artifactKey: Guid(47aba856fa86fea44926cf27ef013732) Importer(2089858483,192608db42251d675da83286b1cce702)
Start importing Assets/SyntyStudios/PolygonCity/Models/Collisions/SM_Bld_Apartment_Door_01_Convex 2.asset using Guid(47aba856fa86fea44926cf27ef013732) Importer(2089858483,192608db42251d675da83286b1cce702) (ScriptedImporter) -> (artifact id: 'cff46aa512a1632142d73b3174830728') in 0.0133193 seconds
Number of updated asset objects reloaded before import = 0Number of asset objects unloaded after import = 1

========================================================================
Received Import Request.
  Time since last request: 0.000013 seconds.
  path: Assets/Kevin Iglesias/Human Animations/Animations/Male/Combat/Shield
  artifactKey: Guid(debcffbdece727340b29092bb9ff9faa) Importer(2089858483,192608db42251d675da83286b1cce702)
Start importing Assets/Kevin Iglesias/Human Animations/Animations/Male/Combat/Shield using Guid(debcffbdece727340b29092bb9ff9faa) Importer(2089858483,192608db42251d675da83286b1cce702) (ScriptedImporter) -> (artifact id: '227eef3708df79b2684c8ce53ee2652b') in 0.0133539 seconds
Number of updated asset objects reloaded before import = 0Number of asset objects unloaded after import = 1

========================================================================
Received Prepare
Begin MonoManager ReloadAssembly
DirectoryNotFoundException: Could not find a part of the path "D:\Desktop\Kartavya Personal\College\Fall 2025\Senior Design\Adaptabrawl-Senior-Design\Adaptabrawl\Adaptabrawl\Library\PackageCache\com.unity.collections@d49facba0036\Unity.Collections.Tests\System.Runtime.CompilerServices.Unsafe\System.Runtime.CompilerServices.Unsafe.dll"
  at System.IO.FileStream..ctor (System.String path, System.IO.FileMode mode, System.IO.FileAccess access, System.IO.FileShare share, System.Int32 bufferSize, System.Boolean anonymous, System.IO.FileOptions options) [0x0019e] in <59bd7c40c082431db25e1e728ab62789>:0 
  at System.IO.FileStream..ctor (System.String path, System.IO.FileMode mode, System.IO.FileAccess access, System.IO.FileShare share) [0x00000] in <59bd7c40c082431db25e1e728ab62789>:0 
  at (wrapper remoting-invoke-with-check) System.IO.FileStream..ctor(string,System.IO.FileMode,System.IO.FileAccess,System.IO.FileShare)
  at Mono.Cecil.ModuleDefinition.GetFileStream (System.String fileName, System.IO.FileMode mode, System.IO.FileAccess access, System.IO.FileShare share) [0x00006] in <4e339395f8074c75847e518298d9c5fd>:0 
  at Mono.Cecil.ModuleDefinition.ReadModule (System.String fileName, Mono.Cecil.ReaderParameters parameters) [0x00008] in <4e339395f8074c75847e518298d9c5fd>:0 
  at Mono.Cecil.AssemblyDefinition.ReadAssembly (System.String fileName, Mono.Cecil.ReaderParameters parameters) [0x00000] in <4e339395f8074c75847e518298d9c5fd>:0 
  at UnityEditor.AssemblyValidation.LoadAssemblyDefinitions (System.String[] assemblyPaths, System.String[] searchPaths) [0x00048] in <8081513dc2364383b8289d30d2169b2e>:0 
  at UnityEditor.AssemblyValidation.ValidateAssemblies (System.String[] assemblyPaths, System.Boolean enableLogging) [0x00007] in <8081513dc2364383b8289d30d2169b2e>:0 

- Loaded All Assemblies, in  0.553 seconds
Refreshing native plugins compatible for Editor in 1.43 ms, found 4 plugins.
Native extension for WindowsStandalone target not found
[Package Manager] Failed to launch server process. Reason: Unity was launched with the -noUpm command-line argument
[Package Manager] Unable to send message (not connected to server process).
[Package Manager] Cannot connect to Unity Package Manager local server
Mono: successfully reloaded assembly
- Finished resetting the current domain, in  0.596 seconds
Domain Reload Profiling: 1150ms
	BeginReloadAssembly (181ms)
		ExecutionOrderSort (0ms)
		DisableScriptedObjects (10ms)
		BackupInstance (0ms)
		ReleaseScriptingObjects (0ms)
		CreateAndSetChildDomain (53ms)
	RebuildCommonClasses (27ms)
	RebuildNativeTypeToScriptingClass (9ms)
	initialDomainReloadingComplete (26ms)
	LoadAllAssembliesAndSetupDomain (310ms)
		LoadAssemblies (217ms)
		RebuildTransferFunctionScriptingTraits (0ms)
		AnalyzeDomain (169ms)
			TypeCache.Refresh (9ms)
				TypeCache.ScanAssembly (1ms)
			BuildScriptInfoCaches (149ms)
			ResolveRequiredComponents (8ms)
	FinalizeReload (596ms)
		ReleaseScriptCaches (0ms)
		RebuildScriptCaches (0ms)
		SetupLoadedEditorAssemblies (477ms)
			LogAssemblyErrors (0ms)
			InitializePlatformSupportModulesInManaged (1ms)
			SetLoadedEditorAssemblies (5ms)
			BeforeProcessingInitializeOnLoad (126ms)
			ProcessInitializeOnLoadAttributes (295ms)
			ProcessInitializeOnLoadMethodAttributes (44ms)
			AfterProcessingInitializeOnLoad (5ms)
			EditorAssembliesLoaded (0ms)
		ExecutionOrderSort2 (0ms)
		AwakeInstancesAfterBackupRestoration (7ms)
WARNING: Shader Unsupported: 'Hidden/Universal Render Pipeline/Terrain/Lit (Base Pass)' - All subshaders removed
WARNING: Shader Did you use #pragma only_renderers and omit this platform?
WARNING: Shader If subshaders removal was intentional, you may have forgotten turning Fallback off?
WARNING: Shader Unsupported: 'Hidden/Universal Render Pipeline/Terrain/Lit (Base Pass)' - All subshaders removed
WARNING: Shader Did you use #pragma only_renderers and omit this platform?
WARNING: Shader If subshaders removal was intentional, you may have forgotten turning Fallback off?
WARNING: Shader Unsupported: 'Universal Render Pipeline/Terrain/Lit' - All subshaders removed
WARNING: Shader Did you use #pragma only_renderers and omit this platform?
WARNING: Shader If subshaders removal was intentional, you may have forgotten turning Fallback off?
WARNING: Shader Unsupported: 'Universal Render Pipeline/Terrain/Lit' - All subshaders removed
WARNING: Shader Did you use #pragma only_renderers and omit this platform?
WARNING: Shader If subshaders removal was intentional, you may have forgotten turning Fallback off?
Refreshing native plugins compatible for Editor in 1.80 ms, found 4 plugins.
Preloading 0 native plugins for Editor in 0.00 ms.
Unloading 61 Unused Serialized files (Serialized files now loaded: 0)
Unloading 6792 unused Assets / (9.4 MB). Loaded Objects now: 7314.
Memory consumption went from 153.4 MB to 144.0 MB.
Total: 8.290600 ms (FindLiveObjects: 0.551600 ms CreateObjectMapping: 0.569900 ms MarkObjects: 3.563500 ms  DeleteObjects: 3.604300 ms)

Prepare: number of updated asset objects reloaded= 0
Editor requested this worker to shutdown with reason: Scaling down because of idle timeout
AssetImportWorker is now disconnected from the server
Process exiting
Exiting without the bug reporter. Application will terminate with return code 0